<?xml version="1.0" encoding="UTF-8"?><testsuite errors="1" failures="0" name="Generar una simulacion de prestamo de libre inversion" skipped="0" tests="1" time="15.24" timestamp="2023-05-23 09:23:25"><testcase name="Buscar la pagina oficial de bancolombia en el motor de google"><error message="element not interactable&#10;  (Session info: chrome=113.0.5672.127)&#10;Build info: version: '3.141.59', revision: 'e82be7d358', time: '2018-11-14T08:17:03'&#10;System info: host: 'YOHEL', ip: '192.168.20.51', os.name: 'Windows 11', os.arch: 'amd64', os.version: '10.0', java.version: '1.8.0_372'&#10;Driver info: org.openqa.selenium.chrome.ChromeDriver&#10;Capabilities {acceptInsecureCerts: false, browserName: chrome, browserVersion: 113.0.5672.127, chrome: {chromedriverVersion: 113.0.5672.63 (0e1a4471d5ae..., userDataDir: C:\Users\yohel\AppData\Loca...}, goog:chromeOptions: {debuggerAddress: localhost:53369}, javascriptEnabled: true, networkConnectionEnabled: false, pageLoadStrategy: normal, platform: WINDOWS, platformName: WINDOWS, proxy: Proxy(), setWindowRect: true, strictFileInteractability: false, timeouts: {implicit: 0, pageLoad: 300000, script: 30000}, unhandledPromptBehavior: dismiss and notify, webauthn:extension:credBlob: true, webauthn:extension:largeBlob: true, webauthn:extension:minPinLength: true, webauthn:extension:prf: true, webauthn:virtualAuthenticators: true}&#10;Session ID: 188f75ed6df2135d4703de8ed4fc6d3b" type="org.openqa.selenium.ElementNotInteractableException">element not interactable
  (Session info: chrome=113.0.5672.127)
Build info: version: '3.141.59', revision: 'e82be7d358', time: '2018-11-14T08:17:03'
System info: host: 'YOHEL', ip: '192.168.20.51', os.name: 'Windows 11', os.arch: 'amd64', os.version: '10.0', java.version: '1.8.0_372'
Driver info: org.openqa.selenium.chrome.ChromeDriver
Capabilities {acceptInsecureCerts: false, browserName: chrome, browserVersion: 113.0.5672.127, chrome: {chromedriverVersion: 113.0.5672.63 (0e1a4471d5ae..., userDataDir: C:\Users\yohel\AppData\Loca...}, goog:chromeOptions: {debuggerAddress: localhost:53369}, javascriptEnabled: true, networkConnectionEnabled: false, pageLoadStrategy: normal, platform: WINDOWS, platformName: WINDOWS, proxy: Proxy(), setWindowRect: true, strictFileInteractability: false, timeouts: {implicit: 0, pageLoad: 300000, script: 30000}, unhandledPromptBehavior: dismiss and notify, webauthn:extension:credBlob: true, webauthn:extension:largeBlob: true, webauthn:extension:minPinLength: true, webauthn:extension:prf: true, webauthn:virtualAuthenticators: true}
Session ID: 188f75ed6df2135d4703de8ed4fc6d3b</error><system-err>element not interactable
  (Session info: chrome=113.0.5672.127)
Build info: version: '3.141.59', revision: 'e82be7d358', time: '2018-11-14T08:17:03'
System info: host: 'YOHEL', ip: '192.168.20.51', os.name: 'Windows 11', os.arch: 'amd64', os.version: '10.0', java.version: '1.8.0_372'
Driver info: org.openqa.selenium.chrome.ChromeDriver
Capabilities {acceptInsecureCerts: false, browserName: chrome, browserVersion: 113.0.5672.127, chrome: {chromedriverVersion: 113.0.5672.63 (0e1a4471d5ae..., userDataDir: C:\Users\yohel\AppData\Loca...}, goog:chromeOptions: {debuggerAddress: localhost:53369}, javascriptEnabled: true, networkConnectionEnabled: false, pageLoadStrategy: normal, platform: WINDOWS, platformName: WINDOWS, proxy: Proxy(), setWindowRect: true, strictFileInteractability: false, timeouts: {implicit: 0, pageLoad: 300000, script: 30000}, unhandledPromptBehavior: dismiss and notify, webauthn:extension:credBlob: true, webauthn:extension:largeBlob: true, webauthn:extension:minPinLength: true, webauthn:extension:prf: true, webauthn:virtualAuthenticators: true}
Session ID: 188f75ed6df2135d4703de8ed4fc6d3b&#13;
co.edu.udea.certificacion.calidad.interactions.BancolombiaPage.performAs(BancolombiaPage.java:21)&#13;
co.edu.udea.certificacion.calidad.tasks.FindThe.performAs(FindThe.java:11)&#13;
co.edu.udea.certificacion.calidad.stepdefinition.SimulateBancolombiaPageStepDefinition.escribaLaPalabraBancolombiaCreditos(SimulateBancolombiaPageStepDefinition.java:50)&#13;
cucumber.runner.Runner.runPickle(Runner.java:80)&#13;
worker.org.gradle.process.internal.worker.GradleWorkerMain.run(GradleWorkerMain.java:69)&#13;
worker.org.gradle.process.internal.worker.GradleWorkerMain.main(GradleWorkerMain.java:74)&#13;
</system-err></testcase></testsuite>