<?xml version="1.0" encoding="UTF-8"?><testsuite errors="0" failures="1" name="Generar una simulacion de prestamo de libre inversion" skipped="0" tests="1" time="17.95" timestamp="2023-05-23 04:00:37"><testcase name="Buscar la pagina oficial de la udea en el motor de google"><failure message="Expected enabled element was not enabled" type="net.thucydides.core.webdriver.exceptions.ElementShouldBeEnabledException">Expected enabled element was not enabled</failure><system-err>Expected enabled element was not enabled&#13;
co.edu.udea.certificacion.calidad.interactions.BancolombiaPage.performAs(BancolombiaPage.java:19)&#13;
co.edu.udea.certificacion.calidad.tasks.FindThe.performAs(FindThe.java:11)&#13;
co.edu.udea.certificacion.calidad.stepdefinition.SimulateBancolombiaPageStepDefinition.escribaLaPalabraBancolombiaCreditos(FindBancolombiaPageStepDefinition.java:51)&#13;
cucumber.runner.Runner.runPickle(Runner.java:80)&#13;
worker.org.gradle.process.internal.worker.GradleWorkerMain.run(GradleWorkerMain.java:69)&#13;
worker.org.gradle.process.internal.worker.GradleWorkerMain.main(GradleWorkerMain.java:74)&#13;
</system-err></testcase></testsuite>